c:\users\alexandr\source\repos\halvingdeviding\halvingdeviding\debug\halvingdeviding.pch
c:\users\alexandr\source\repos\halvingdeviding\halvingdeviding\debug\vc141.pdb
c:\users\alexandr\source\repos\halvingdeviding\halvingdeviding\debug\vc141.idb
c:\users\alexandr\source\repos\halvingdeviding\halvingdeviding\debug\pch.obj
c:\users\alexandr\source\repos\halvingdeviding\halvingdeviding\debug\halvingdeviding.obj
c:\users\alexandr\source\repos\halvingdeviding\halvingdeviding\debug\function.obj
c:\users\alexandr\source\repos\halvingdeviding\debug\halvingdeviding.pdb
c:\users\alexandr\source\repos\halvingdeviding\halvingdeviding\debug\halvingdeviding.tlog\cl.command.1.tlog
c:\users\alexandr\source\repos\halvingdeviding\halvingdeviding\debug\halvingdeviding.tlog\cl.read.1.tlog
c:\users\alexandr\source\repos\halvingdeviding\halvingdeviding\debug\halvingdeviding.tlog\cl.write.1.tlog
c:\users\alexandr\source\repos\halvingdeviding\halvingdeviding\debug\halvingdeviding.tlog\link-cvtres.read.1.tlog
c:\users\alexandr\source\repos\halvingdeviding\halvingdeviding\debug\halvingdeviding.tlog\link-cvtres.write.1.tlog
c:\users\alexandr\source\repos\halvingdeviding\halvingdeviding\debug\halvingdeviding.tlog\link-rc.read.1.tlog
c:\users\alexandr\source\repos\halvingdeviding\halvingdeviding\debug\halvingdeviding.tlog\link-rc.write.1.tlog
c:\users\alexandr\source\repos\halvingdeviding\halvingdeviding\debug\halvingdeviding.tlog\link.18024-cvtres.read.1.tlog
c:\users\alexandr\source\repos\halvingdeviding\halvingdeviding\debug\halvingdeviding.tlog\link.18024-cvtres.write.1.tlog
c:\users\alexandr\source\repos\halvingdeviding\halvingdeviding\debug\halvingdeviding.tlog\link.18024-rc.read.1.tlog
c:\users\alexandr\source\repos\halvingdeviding\halvingdeviding\debug\halvingdeviding.tlog\link.18024-rc.write.1.tlog
c:\users\alexandr\source\repos\halvingdeviding\halvingdeviding\debug\halvingdeviding.tlog\link.18024.read.1.tlog
c:\users\alexandr\source\repos\halvingdeviding\halvingdeviding\debug\halvingdeviding.tlog\link.18024.write.1.tlog
c:\users\alexandr\source\repos\halvingdeviding\halvingdeviding\debug\halvingdeviding.tlog\link.command.1.tlog
c:\users\alexandr\source\repos\halvingdeviding\halvingdeviding\debug\halvingdeviding.tlog\link.read.1.tlog
c:\users\alexandr\source\repos\halvingdeviding\halvingdeviding\debug\halvingdeviding.tlog\link.write.1.tlog
